Flow report for MyClock
Sat Dec 22 22:01:14 2018
Quartus Prime Version 17.1.0 Build 590 10/25/2017 SJ Lite Edition


---------------------
; Table of Contents ;
---------------------
  1. Legal Notice
  2. Flow Summary
  3. Flow Settings
  4. Flow Non-Default Global Settings
  5. Flow Elapsed Time
  6. Flow OS Summary
  7. Flow Log
  8. Flow Messages
  9. Flow Suppressed Messages



----------------
; Legal Notice ;
----------------
Copyright (C) 2017  Intel Corporation. All rights reserved.
Your use of Intel Corporation's design tools, logic functions 
and other software and tools, and its AMPP partner logic 
functions, and any output files from any of the foregoing 
(including device programming or simulation files), and any 
associated documentation or information are expressly subject 
to the terms and conditions of the Intel Program License 
Subscription Agreement, the Intel Quartus Prime License Agreement,
the Intel FPGA IP License Agreement, or other applicable license
agreement, including, without limitation, that your use is for
the sole purpose of programming logic devices manufactured by
Intel and sold by Intel or its authorized distributors.  Please
refer to the applicable agreement for further details.



+-------------------------------------------------------------------------------+
; Flow Summary                                                                  ;
+---------------------------------+---------------------------------------------+
; Flow Status                     ; Successful - Sat Dec 22 22:01:14 2018       ;
; Quartus Prime Version           ; 17.1.0 Build 590 10/25/2017 SJ Lite Edition ;
; Revision Name                   ; MyClock                                     ;
; Top-level Entity Name           ; MyClock                                     ;
; Family                          ; Cyclone V                                   ;
; Device                          ; 5CSXFC6D6F31C6                              ;
; Timing Models                   ; Final                                       ;
; Logic utilization (in ALMs)     ; 256 / 41,910 ( < 1 % )                      ;
; Total registers                 ; 119                                         ;
; Total pins                      ; 52 / 499 ( 10 % )                           ;
; Total virtual pins              ; 0                                           ;
; Total block memory bits         ; 64 / 5,662,720 ( < 1 % )                    ;
; Total DSP Blocks                ; 0 / 112 ( 0 % )                             ;
; Total HSSI RX PCSs              ; 0 / 9 ( 0 % )                               ;
; Total HSSI PMA RX Deserializers ; 0 / 9 ( 0 % )                               ;
; Total HSSI TX PCSs              ; 0 / 9 ( 0 % )                               ;
; Total HSSI PMA TX Serializers   ; 0 / 9 ( 0 % )                               ;
; Total PLLs                      ; 0 / 15 ( 0 % )                              ;
; Total DLLs                      ; 0 / 4 ( 0 % )                               ;
+---------------------------------+---------------------------------------------+


+-----------------------------------------+
; Flow Settings                           ;
+-------------------+---------------------+
; Option            ; Setting             ;
+-------------------+---------------------+
; Start date & time ; 12/22/2018 21:59:40 ;
; Main task         ; Compilation         ;
; Revision Name     ; MyClock             ;
+-------------------+---------------------+


+-----------------------------------------------------------------------------------------------------------------------------+
; Flow Non-Default Global Settings                                                                                            ;
+-------------------------------------+----------------------------------------+---------------+-------------+----------------+
; Assignment Name                     ; Value                                  ; Default Value ; Entity Name ; Section Id     ;
+-------------------------------------+----------------------------------------+---------------+-------------+----------------+
; COMPILER_SIGNATURE_ID               ; 10995770589191.154548717921520         ; --            ; --          ; --             ;
; EDA_OUTPUT_DATA_FORMAT              ; Verilog Hdl                            ; --            ; --          ; eda_simulation ;
; EDA_SIMULATION_TOOL                 ; ModelSim-Altera (Verilog)              ; <None>        ; --          ; --             ;
; EDA_TIME_SCALE                      ; 1 ps                                   ; --            ; --          ; eda_simulation ;
; MAX_CORE_JUNCTION_TEMP              ; 85                                     ; --            ; --          ; --             ;
; MIN_CORE_JUNCTION_TEMP              ; 0                                      ; --            ; --          ; --             ;
; PARTITION_COLOR                     ; -- (Not supported for targeted family) ; --            ; --          ; Top            ;
; PARTITION_FITTER_PRESERVATION_LEVEL ; -- (Not supported for targeted family) ; --            ; --          ; Top            ;
; PARTITION_NETLIST_TYPE              ; -- (Not supported for targeted family) ; --            ; --          ; Top            ;
; PROJECT_OUTPUT_DIRECTORY            ; output_files                           ; --            ; --          ; --             ;
+-------------------------------------+----------------------------------------+---------------+-------------+----------------+


+-------------------------------------------------------------------------------------------------------------------------------+
; Flow Elapsed Time                                                                                                             ;
+---------------------------+--------------+-------------------------+---------------------+------------------------------------+
; Module Name               ; Elapsed Time ; Average Processors Used ; Peak Virtual Memory ; Total CPU Time (on all processors) ;
+---------------------------+--------------+-------------------------+---------------------+------------------------------------+
; Analysis & Synthesis      ; 00:00:16     ; 1.0                     ; 4889 MB             ; 00:00:30                           ;
; Fitter                    ; 00:00:56     ; 1.0                     ; 6667 MB             ; 00:01:58                           ;
; Assembler                 ; 00:00:07     ; 1.0                     ; 4858 MB             ; 00:00:08                           ;
; TimeQuest Timing Analyzer ; 00:00:09     ; 1.3                     ; 5197 MB             ; 00:00:10                           ;
; EDA Netlist Writer        ; 00:00:03     ; 1.0                     ; 4772 MB             ; 00:00:03                           ;
; Total                     ; 00:01:31     ; --                      ; --                  ; 00:02:49                           ;
+---------------------------+--------------+-------------------------+---------------------+------------------------------------+


+-----------------------------------------------------------------------------------------+
; Flow OS Summary                                                                         ;
+---------------------------+------------------+------------+------------+----------------+
; Module Name               ; Machine Hostname ; OS Name    ; OS Version ; Processor type ;
+---------------------------+------------------+------------+------------+----------------+
; Analysis & Synthesis      ; DESKTOP-BVIUNI1  ; Windows 10 ; 10.0       ; x86_64         ;
; Fitter                    ; DESKTOP-BVIUNI1  ; Windows 10 ; 10.0       ; x86_64         ;
; Assembler                 ; DESKTOP-BVIUNI1  ; Windows 10 ; 10.0       ; x86_64         ;
; TimeQuest Timing Analyzer ; DESKTOP-BVIUNI1  ; Windows 10 ; 10.0       ; x86_64         ;
; EDA Netlist Writer        ; DESKTOP-BVIUNI1  ; Windows 10 ; 10.0       ; x86_64         ;
+---------------------------+------------------+------------+------------+----------------+


------------
; Flow Log ;
------------
quartus_map --read_settings_files=on --write_settings_files=off MyClock -c MyClock
quartus_fit --read_settings_files=off --write_settings_files=off MyClock -c MyClock
quartus_asm --read_settings_files=off --write_settings_files=off MyClock -c MyClock
quartus_sta MyClock -c MyClock
quartus_eda --read_settings_files=off --write_settings_files=off MyClock -c MyClock



